2025-01-09 20:34:10.856 INFO  [main] com.library.dao.UserDaoImpl - Attempting to add user: User{id=0, name='John Doe', email='john.doe@example.com', role=USER}
2025-01-09 20:34:10.887 INFO  [main] com.library.dao.UserDaoImpl - User added successfully with ID: 225
2025-01-09 20:34:11.015 INFO  [main] com.library.dao.UserDaoImpl - Attempting to add user: User{id=0, name='Email Tester', email='test.email@example.com', role=USER}
2025-01-09 20:34:11.019 INFO  [main] com.library.dao.UserDaoImpl - User added successfully with ID: 226
2025-01-09 20:46:53.611 INFO  [main] com.library.dao.UserDaoImpl - Attempting to add user: User{id=0, name='John Doe', email='john.doe@example.com', role=USER}
2025-01-09 20:46:53.630 INFO  [main] com.library.dao.UserDaoImpl - User added successfully with ID: 227
2025-01-09 20:46:53.648 INFO  [main] com.library.dao.UserDaoImpl - Fetching user with ID: 227
2025-01-09 20:46:53.651 INFO  [main] com.library.dao.UserDaoImpl - User fetched successfully: User{id=227, name='John Doe', email='john.doe@example.com', role=USER}
2025-01-09 20:46:53.670 INFO  [main] com.library.dao.UserDaoImpl - Fetching all users.
2025-01-09 20:46:53.671 INFO  [main] com.library.dao.UserDaoImpl - Successfully fetched 1 users.
2025-01-09 20:46:53.691 INFO  [main] com.library.dao.UserDaoImpl - Fetching user with ID: 227
2025-01-09 20:46:53.693 INFO  [main] com.library.dao.UserDaoImpl - User fetched successfully: User{id=227, name='John Doe', email='john.doe@example.com', role=USER}
2025-01-09 20:46:53.720 INFO  [main] com.library.dao.UserDaoImpl - Updating user: User{id=227, name='Jane Doe', email='jane.doe@example.com', role=ADMIN}
2025-01-09 20:46:53.724 INFO  [main] com.library.dao.UserDaoImpl - Updated 1 row(s) for user ID: 227
2025-01-09 20:46:53.737 INFO  [main] com.library.dao.UserDaoImpl - Fetching user with ID: 227
2025-01-09 20:46:53.739 INFO  [main] com.library.dao.UserDaoImpl - User fetched successfully: User{id=227, name='Jane Doe', email='jane.doe@example.com', role=ADMIN}
2025-01-09 20:46:53.755 INFO  [main] com.library.dao.UserDaoImpl - Attempting to delete user with ID: 227
2025-01-09 20:46:53.760 INFO  [main] com.library.dao.UserDaoImpl - Deleted 1 row(s) for user ID: 227
2025-01-09 20:46:53.775 INFO  [main] com.library.dao.UserDaoImpl - Fetching user with ID: 227
2025-01-09 20:46:53.777 WARN  [main] com.library.dao.UserDaoImpl - No user found with ID: 227
2025-01-09 20:46:53.794 INFO  [main] com.library.dao.UserDaoImpl - Attempting to add user: User{id=0, name='Email Tester', email='test.email@example.com', role=USER}
2025-01-09 20:46:53.799 INFO  [main] com.library.dao.UserDaoImpl - User added successfully with ID: 228
2025-01-09 20:46:53.825 INFO  [main] com.library.dao.UserDaoImpl - Fetching user with email: test.email@example.com
2025-01-09 20:46:53.828 INFO  [main] com.library.dao.UserDaoImpl - User fetched successfully: User{id=228, name='Email Tester', email='test.email@example.com', role=USER}
